# JRE version: Java(TM) SE Runtime Environment (8.0_241-b07) (build 1.8.0_241-b07)
# Java VM: Java HotSpot(TM) 64-Bit Server VM (25.241-b07 mixed mode windows-amd64 compressed oops)
Heap:
 PSYoungGen      total 64000K, used 20312K [0x00000000edc00000, 0x00000000f2900000, 0x0000000100000000)
  eden space 57344K, 35% used [0x00000000edc00000,0x00000000eefd6260,0x00000000f1400000)
  from space 6656K, 0% used [0x00000000f1400000,0x00000000f1400000,0x00000000f1a80000)
  to   space 6656K, 0% used [0x00000000f2280000,0x00000000f2280000,0x00000000f2900000)
 ParOldGen       total 86016K, used 42541K [0x00000000c9400000, 0x00000000ce800000, 0x00000000edc00000)
  object space 86016K, 49% used [0x00000000c9400000,0x00000000cbd8b628,0x00000000ce800000)
 Metaspace       used 25668K, capacity 26807K, committed 27008K, reserved 1073152K
  class space    used 3307K, capacity 3600K, committed 3712K, reserved 1048576K
GC Heap History (10 events):
Event: 3.355 GC heap before
{Heap before GC invocations=5 (full 0):
 PSYoungGen      total 31744K, used 27681K [0x00000000edc00000, 0x00000000efd00000, 0x0000000100000000)
  eden space 29696K, 86% used [0x00000000edc00000,0x00000000ef50c4f8,0x00000000ef900000)
  from space 2048K, 99% used [0x00000000efb00000,0x00000000efcfc050,0x00000000efd00000)
  to   space 2048K, 0% used [0x00000000ef900000,0x00000000ef900000,0x00000000efb00000)
 ParOldGen       total 38400K, used 8570K [0x00000000c9400000, 0x00000000cb980000, 0x00000000edc00000)
  object space 38400K, 22% used [0x00000000c9400000,0x00000000c9c5eb30,0x00000000cb980000)
 Metaspace       used 20481K, capacity 21145K, committed 21296K, reserved 1069056K
  class space    used 2505K, capacity 2688K, committed 2688K, reserved 1048576K
Event: 3.368 GC heap after
Heap after GC invocations=5 (full 0):
 PSYoungGen      total 31744K, used 2048K [0x00000000edc00000, 0x00000000f2300000, 0x0000000100000000)
  eden space 29696K, 0% used [0x00000000edc00000,0x00000000edc00000,0x00000000ef900000)
  from space 2048K, 100% used [0x00000000ef900000,0x00000000efb00000,0x00000000efb00000)
  to   space 6656K, 0% used [0x00000000f1c80000,0x00000000f1c80000,0x00000000f2300000)
 ParOldGen       total 38400K, used 12599K [0x00000000c9400000, 0x00000000cb980000, 0x00000000edc00000)
  object space 38400K, 32% used [0x00000000c9400000,0x00000000ca04df58,0x00000000cb980000)
 Metaspace       used 20481K, capacity 21145K, committed 21296K, reserved 1069056K
  class space    used 2505K, capacity 2688K, committed 2688K, reserved 1048576K
}
Event: 3.368 GC heap before
{Heap before GC invocations=6 (full 1):
 PSYoungGen      total 31744K, used 2048K [0x00000000edc00000, 0x00000000f2300000, 0x0000000100000000)
  eden space 29696K, 0% used [0x00000000edc00000,0x00000000edc00000,0x00000000ef900000)
  from space 2048K, 100% used [0x00000000ef900000,0x00000000efb00000,0x00000000efb00000)
  to   space 6656K, 0% used [0x00000000f1c80000,0x00000000f1c80000,0x00000000f2300000)
 ParOldGen       total 38400K, used 12599K [0x00000000c9400000, 0x00000000cb980000, 0x00000000edc00000)
  object space 38400K, 32% used [0x00000000c9400000,0x00000000ca04df58,0x00000000cb980000)
 Metaspace       used 20481K, capacity 21145K, committed 21296K, reserved 1069056K
  class space    used 2505K, capacity 2688K, committed 2688K, reserved 1048576K
Event: 3.405 GC heap after
Heap after GC invocations=6 (full 1):
 PSYoungGen      total 31744K, used 0K [0x00000000edc00000, 0x00000000f2300000, 0x0000000100000000)
  eden space 29696K, 0% used [0x00000000edc00000,0x00000000edc00000,0x00000000ef900000)
  from space 2048K, 0% used [0x00000000ef900000,0x00000000ef900000,0x00000000efb00000)
  to   space 6656K, 0% used [0x00000000f1c80000,0x00000000f1c80000,0x00000000f2300000)
 ParOldGen       total 35840K, used 9641K [0x00000000c9400000, 0x00000000cb700000, 0x00000000edc00000)
  object space 35840K, 26% used [0x00000000c9400000,0x00000000c9d6a790,0x00000000cb700000)
 Metaspace       used 20481K, capacity 21145K, committed 21296K, reserved 1069056K
  class space    used 2505K, capacity 2688K, committed 2688K, reserved 1048576K
}
Event: 6.731 GC heap before
{Heap before GC invocations=7 (full 1):
 PSYoungGen      total 31744K, used 29696K [0x00000000edc00000, 0x00000000f2300000, 0x0000000100000000)
  eden space 29696K, 100% used [0x00000000edc00000,0x00000000ef900000,0x00000000ef900000)
  from space 2048K, 0% used [0x00000000ef900000,0x00000000ef900000,0x00000000efb00000)
  to   space 6656K, 0% used [0x00000000f1c80000,0x00000000f1c80000,0x00000000f2300000)
 ParOldGen       total 35840K, used 26025K [0x00000000c9400000, 0x00000000cb700000, 0x00000000edc00000)
  object space 35840K, 72% used [0x00000000c9400000,0x00000000cad6a7a0,0x00000000cb700000)
 Metaspace       used 24692K, capacity 25787K, committed 26112K, reserved 1071104K
  class space    used 3184K, capacity 3466K, committed 3584K, reserved 1048576K
Event: 6.740 GC heap after
Heap after GC invocations=7 (full 1):
 PSYoungGen      total 49664K, used 4292K [0x00000000edc00000, 0x00000000f2100000, 0x0000000100000000)
  eden space 45056K, 0% used [0x00000000edc00000,0x00000000edc00000,0x00000000f0800000)
  from space 4608K, 93% used [0x00000000f1c80000,0x00000000f20b12a8,0x00000000f2100000)
  to   space 6656K, 0% used [0x00000000f1400000,0x00000000f1400000,0x00000000f1a80000)
 ParOldGen       total 35840K, used 26033K [0x00000000c9400000, 0x00000000cb700000, 0x00000000edc00000)
  object space 35840K, 72% used [0x00000000c9400000,0x00000000cad6c7a0,0x00000000cb700000)
 Metaspace       used 24692K, capacity 25787K, committed 26112K, reserved 1071104K
  class space    used 3184K, capacity 3466K, committed 3584K, reserved 1048576K
}
Event: 20.173 GC heap before
{Heap before GC invocations=8 (full 1):
 PSYoungGen      total 49664K, used 37010K [0x00000000edc00000, 0x00000000f2100000, 0x0000000100000000)
  eden space 45056K, 72% used [0x00000000edc00000,0x00000000efbf38c8,0x00000000f0800000)
  from space 4608K, 93% used [0x00000000f1c80000,0x00000000f20b12a8,0x00000000f2100000)
  to   space 6656K, 0% used [0x00000000f1400000,0x00000000f1400000,0x00000000f1a80000)
 ParOldGen       total 35840K, used 26033K [0x00000000c9400000, 0x00000000cb700000, 0x00000000edc00000)
  object space 35840K, 72% used [0x00000000c9400000,0x00000000cad6c7a0,0x00000000cb700000)
 Metaspace       used 25377K, capacity 26513K, committed 26624K, reserved 1073152K
  class space    used 3260K, capacity 3527K, committed 3584K, reserved 1048576K
Event: 20.186 GC heap after
Heap after GC invocations=8 (full 1):
 PSYoungGen      total 64000K, used 3033K [0x00000000edc00000, 0x00000000f2900000, 0x0000000100000000)
  eden space 57344K, 0% used [0x00000000edc00000,0x00000000edc00000,0x00000000f1400000)
  from space 6656K, 45% used [0x00000000f1400000,0x00000000f16f6408,0x00000000f1a80000)
  to   space 6656K, 0% used [0x00000000f2280000,0x00000000f2280000,0x00000000f2900000)
 ParOldGen       total 52736K, used 42425K [0x00000000c9400000, 0x00000000cc780000, 0x00000000edc00000)
  object space 52736K, 80% used [0x00000000c9400000,0x00000000cbd6e7b0,0x00000000cc780000)
 Metaspace       used 25377K, capacity 26513K, committed 26624K, reserved 1073152K
  class space    used 3260K, capacity 3527K, committed 3584K, reserved 1048576K
}
Event: 20.187 GC heap before
{Heap before GC invocations=9 (full 2):
 PSYoungGen      total 64000K, used 3033K [0x00000000edc00000, 0x00000000f2900000, 0x0000000100000000)
  eden space 57344K, 0% used [0x00000000edc00000,0x00000000edc00000,0x00000000f1400000)
  from space 6656K, 45% used [0x00000000f1400000,0x00000000f16f6408,0x00000000f1a80000)
  to   space 6656K, 0% used [0x00000000f2280000,0x00000000f2280000,0x00000000f2900000)
 ParOldGen       total 52736K, used 42425K [0x00000000c9400000, 0x00000000cc780000, 0x00000000edc00000)
  object space 52736K, 80% used [0x00000000c9400000,0x00000000cbd6e7b0,0x00000000cc780000)
 Metaspace       used 25377K, capacity 26513K, committed 26624K, reserved 1073152K
  class space    used 3260K, capacity 3527K, committed 3584K, reserved 1048576K
Event: 20.232 GC heap after
Heap after GC invocations=9 (full 2):
 PSYoungGen      total 64000K, used 0K [0x00000000edc00000, 0x00000000f2900000, 0x0000000100000000)
  eden space 57344K, 0% used [0x00000000edc00000,0x00000000edc00000,0x00000000f1400000)
  from space 6656K, 0% used [0x00000000f1400000,0x00000000f1400000,0x00000000f1a80000)
  to   space 6656K, 0% used [0x00000000f2280000,0x00000000f2280000,0x00000000f2900000)
 ParOldGen       total 86016K, used 42541K [0x00000000c9400000, 0x00000000ce800000, 0x00000000edc00000)
  object space 86016K, 49% used [0x00000000c9400000,0x00000000cbd8b628,0x00000000ce800000)
 Metaspace       used 25377K, capacity 26513K, committed 26624K, reserved 1073152K
  class space    used 3260K, capacity 3527K, committed 3584K, reserved 1048576K
}

