<?xml version="1.0" encoding="UTF-8"?>
<!-- Generated by org.testng.reporters.JUnitXMLReporter -->
<testsuite hostname="LAPTOP-M2P9FD29" ignored="0" name="Test" tests="3" failures="0" timestamp="2021-08-03T13:32:36 IST" time="19.499" errors="0">
  <testcase name="RunIncognito" time="7.288" classname="gitexample2.runbrowserincognito"/>
  <testcase name="RemoveIfobar" time="5.436" classname="gitexample2.RemoveInforbarinChrome"/>
  <testcase name="findAllPagelinks" time="4.395" classname="gitexample2.findAlllinks"/>
</testsuite> <!-- Test -->
