<?xml version="1.0" encoding="UTF-8"?>
<!-- Generated by org.testng.reporters.JUnitXMLReporter -->
<testsuite hostname="LAPTOP-M2P9FD29" ignored="0" name="Test" tests="3" failures="0" timestamp="2021-08-03T13:45:38 IST" time="14.248" errors="0">
  <testcase name="RunIncognito" time="5.66" classname="gitexample2.runbrowserincognito"/>
  <testcase name="RemoveIfobar" time="3.089" classname="gitexample2.RemoveInforbarinChrome"/>
  <testcase name="findAllPagelinks" time="4.003" classname="gitexample2.findAlllinks"/>
</testsuite> <!-- Test -->
