<?xml version="1.0" encoding="UTF-8"?>
<testng-results skipped="0" failed="0" ignored="0" total="3" passed="3">
  <reporter-output>
  </reporter-output>
  <suite name="Suite" duration-ms="14248" started-at="2021-08-03T13:45:24 IST" finished-at="2021-08-03T13:45:38 IST">
    <groups>
    </groups>
    <test name="Test" duration-ms="14248" started-at="2021-08-03T13:45:24 IST" finished-at="2021-08-03T13:45:38 IST">
      <class name="gitexample2.runbrowserincognito">
        <test-method status="PASS" signature="RunIncognito()[pri:0, instance:gitexample2.runbrowserincognito@34c4973]" name="RunIncognito" duration-ms="5660" started-at="2021-08-03T13:45:24 IST" finished-at="2021-08-03T13:45:30 IST">
          <reporter-output>
          </reporter-output>
        </test-method> <!-- RunIncognito -->
        <test-method status="PASS" signature="quit()[pri:0, instance:gitexample2.runbrowserincognito@34c4973]" name="quit" is-config="true" duration-ms="728" started-at="2021-08-03T13:45:30 IST" finished-at="2021-08-03T13:45:31 IST">
          <reporter-output>
          </reporter-output>
        </test-method> <!-- quit -->
      </class> <!-- gitexample2.runbrowserincognito -->
      <class name="gitexample2.RemoveInforbarinChrome">
        <test-method status="PASS" signature="RemoveIfobar()[pri:0, instance:gitexample2.RemoveInforbarinChrome@7a9273a8]" name="RemoveIfobar" duration-ms="3089" started-at="2021-08-03T13:45:31 IST" finished-at="2021-08-03T13:45:34 IST">
          <reporter-output>
          </reporter-output>
        </test-method> <!-- RemoveIfobar -->
        <test-method status="PASS" signature="quit()[pri:0, instance:gitexample2.RemoveInforbarinChrome@7a9273a8]" name="quit" is-config="true" duration-ms="706" started-at="2021-08-03T13:45:34 IST" finished-at="2021-08-03T13:45:34 IST">
          <reporter-output>
          </reporter-output>
        </test-method> <!-- quit -->
      </class> <!-- gitexample2.RemoveInforbarinChrome -->
      <class name="gitexample2.findAlllinks">
        <test-method status="PASS" signature="findAllPagelinks()[pri:0, instance:gitexample2.findAlllinks@26a7b76d]" name="findAllPagelinks" duration-ms="4003" started-at="2021-08-03T13:45:34 IST" finished-at="2021-08-03T13:45:38 IST">
          <reporter-output>
          </reporter-output>
        </test-method> <!-- findAllPagelinks -->
        <test-method status="PASS" signature="quit()[pri:0, instance:gitexample2.findAlllinks@26a7b76d]" name="quit" is-config="true" duration-ms="4" started-at="2021-08-03T13:45:38 IST" finished-at="2021-08-03T13:45:38 IST">
          <reporter-output>
          </reporter-output>
        </test-method> <!-- quit -->
      </class> <!-- gitexample2.findAlllinks -->
    </test> <!-- Test -->
  </suite> <!-- Suite -->
</testng-results>
