<?xml version="1.0" encoding="UTF-8"?>
<testng-results skipped="0" failed="0" ignored="0" total="2" passed="2">
  <reporter-output>
  </reporter-output>
  <suite name="Suite" duration-ms="14000" started-at="2021-08-03T09:22:24 IST" finished-at="2021-08-03T09:22:38 IST">
    <groups>
    </groups>
    <test name="Test" duration-ms="14000" started-at="2021-08-03T09:22:24 IST" finished-at="2021-08-03T09:22:38 IST">
      <class name="gitexample2.runbrowserincognito">
        <test-method status="PASS" signature="RunIncognito()[pri:0, instance:gitexample2.runbrowserincognito@528931cf]" name="RunIncognito" duration-ms="7994" started-at="2021-08-03T09:22:24 IST" finished-at="2021-08-03T09:22:32 IST">
          <reporter-output>
          </reporter-output>
        </test-method> <!-- RunIncognito -->
      </class> <!-- gitexample2.runbrowserincognito -->
      <class name="gitexample2.RemoveInforbarinChrome">
        <test-method status="PASS" signature="RemoveIfobar()[pri:0, instance:gitexample2.RemoveInforbarinChrome@2f943d71]" name="RemoveIfobar" duration-ms="5928" started-at="2021-08-03T09:22:32 IST" finished-at="2021-08-03T09:22:38 IST">
          <reporter-output>
          </reporter-output>
        </test-method> <!-- RemoveIfobar -->
      </class> <!-- gitexample2.RemoveInforbarinChrome -->
    </test> <!-- Test -->
  </suite> <!-- Suite -->
</testng-results>
